18:29:56.827 Config: {
	"UseFrontend": false,
	"UseMatchmaker": false,
	"UseHTTPS": false,
	"UseAuthentication": false,
	"LogToFile": true,
	"HomepageFile": "/www/player.html",
	"AdditionalRoutes": {},
	"EnableWebserver": true,
	"MatchmakerAddress": "",
	"MatchmakerPort": "9999",
	"PublicIp": "localhost",
	"HttpPort": 80,
	"HttpsPort": 443,
	"StreamerPort": 8888,
	"peerConnectionOptions": "{ \"iceServers\": [{\"urls\": [\"stun:stun.l.google.com:19302\"]}] }",
	"publicIp": "127.0.0.1"
}
18:29:56.858 peerConnectionOptions = {"iceServers":[{"urls":["stun:stun.l.google.com:19302"]}]}
18:29:56.863 Running Cirrus - The Pixel Streaming reference implementation signalling server for Unreal Engine 4.27.
18:29:56.878 WebSocket listening to Streamer connections on :8888
18:29:56.880 WebSocket listening to Players connections on :80
18:29:56.882 Http listening on *: 80
